# JRE version: Java(TM) SE Runtime Environment (8.0_192-b12) (build 1.8.0_192-b12)
# Java VM: Java HotSpot(TM) 64-Bit Server VM (25.192-b12 mixed mode windows-amd64 compressed oops)
Heap:
 PSYoungGen      total 35328K, used 10997K [0x000000076e180000, 0x0000000770680000, 0x00000007c0000000)
  eden space 32768K, 26% used [0x000000076e180000,0x000000076ea0d628,0x0000000770180000)
  from space 2560K, 87% used [0x0000000770180000,0x00000007703b0000,0x0000000770400000)
  to   space 2560K, 0% used [0x0000000770400000,0x0000000770400000,0x0000000770680000)
 ParOldGen       total 147968K, used 104976K [0x00000006ca400000, 0x00000006d3480000, 0x000000076e180000)
  object space 147968K, 70% used [0x00000006ca400000,0x00000006d0a840e8,0x00000006d3480000)
 Metaspace       used 57793K, capacity 63854K, committed 64128K, reserved 1103872K
  class space    used 7729K, capacity 9040K, committed 9088K, reserved 1048576K
GC Heap History (10 events):
Event: 4787.874 GC heap before
{Heap before GC invocations=1192 (full 15):
 PSYoungGen      total 35328K, used 34144K [0x000000076e180000, 0x0000000770680000, 0x00000007c0000000)
  eden space 32768K, 100% used [0x000000076e180000,0x0000000770180000,0x0000000770180000)
  from space 2560K, 53% used [0x0000000770400000,0x0000000770558000,0x0000000770680000)
  to   space 2560K, 0% used [0x0000000770180000,0x0000000770180000,0x0000000770400000)
 ParOldGen       total 147968K, used 104976K [0x00000006ca400000, 0x00000006d3480000, 0x000000076e180000)
  object space 147968K, 70% used [0x00000006ca400000,0x00000006d0a840e8,0x00000006d3480000)
 Metaspace       used 57793K, capacity 63854K, committed 64128K, reserved 1103872K
  class space    used 7729K, capacity 9040K, committed 9088K, reserved 1048576K
Event: 4787.877 GC heap after
Heap after GC invocations=1192 (full 15):
 PSYoungGen      total 35328K, used 1984K [0x000000076e180000, 0x0000000770680000, 0x00000007c0000000)
  eden space 32768K, 0% used [0x000000076e180000,0x000000076e180000,0x0000000770180000)
  from space 2560K, 77% used [0x0000000770180000,0x0000000770370000,0x0000000770400000)
  to   space 2560K, 0% used [0x0000000770400000,0x0000000770400000,0x0000000770680000)
 ParOldGen       total 147968K, used 104976K [0x00000006ca400000, 0x00000006d3480000, 0x000000076e180000)
  object space 147968K, 70% used [0x00000006ca400000,0x00000006d0a840e8,0x00000006d3480000)
 Metaspace       used 57793K, capacity 63854K, committed 64128K, reserved 1103872K
  class space    used 7729K, capacity 9040K, committed 9088K, reserved 1048576K
}
Event: 4789.636 GC heap before
{Heap before GC invocations=1193 (full 15):
 PSYoungGen      total 35328K, used 34752K [0x000000076e180000, 0x0000000770680000, 0x00000007c0000000)
  eden space 32768K, 100% used [0x000000076e180000,0x0000000770180000,0x0000000770180000)
  from space 2560K, 77% used [0x0000000770180000,0x0000000770370000,0x0000000770400000)
  to   space 2560K, 0% used [0x0000000770400000,0x0000000770400000,0x0000000770680000)
 ParOldGen       total 147968K, used 104976K [0x00000006ca400000, 0x00000006d3480000, 0x000000076e180000)
  object space 147968K, 70% used [0x00000006ca400000,0x00000006d0a840e8,0x00000006d3480000)
 Metaspace       used 57793K, capacity 63854K, committed 64128K, reserved 1103872K
  class space    used 7729K, capacity 9040K, committed 9088K, reserved 1048576K
Event: 4789.640 GC heap after
Heap after GC invocations=1193 (full 15):
 PSYoungGen      total 35328K, used 1632K [0x000000076e180000, 0x0000000770680000, 0x00000007c0000000)
  eden space 32768K, 0% used [0x000000076e180000,0x000000076e180000,0x0000000770180000)
  from space 2560K, 63% used [0x0000000770400000,0x0000000770598000,0x0000000770680000)
  to   space 2560K, 0% used [0x0000000770180000,0x0000000770180000,0x0000000770400000)
 ParOldGen       total 147968K, used 104976K [0x00000006ca400000, 0x00000006d3480000, 0x000000076e180000)
  object space 147968K, 70% used [0x00000006ca400000,0x00000006d0a840e8,0x00000006d3480000)
 Metaspace       used 57793K, capacity 63854K, committed 64128K, reserved 1103872K
  class space    used 7729K, capacity 9040K, committed 9088K, reserved 1048576K
}
Event: 4791.511 GC heap before
{Heap before GC invocations=1194 (full 15):
 PSYoungGen      total 35328K, used 34400K [0x000000076e180000, 0x0000000770680000, 0x00000007c0000000)
  eden space 32768K, 100% used [0x000000076e180000,0x0000000770180000,0x0000000770180000)
  from space 2560K, 63% used [0x0000000770400000,0x0000000770598000,0x0000000770680000)
  to   space 2560K, 0% used [0x0000000770180000,0x0000000770180000,0x0000000770400000)
 ParOldGen       total 147968K, used 104976K [0x00000006ca400000, 0x00000006d3480000, 0x000000076e180000)
  object space 147968K, 70% used [0x00000006ca400000,0x00000006d0a840e8,0x00000006d3480000)
 Metaspace       used 57793K, capacity 63854K, committed 64128K, reserved 1103872K
  class space    used 7729K, capacity 9040K, committed 9088K, reserved 1048576K
Event: 4791.514 GC heap after
Heap after GC invocations=1194 (full 15):
 PSYoungGen      total 35328K, used 1184K [0x000000076e180000, 0x0000000770680000, 0x00000007c0000000)
  eden space 32768K, 0% used [0x000000076e180000,0x000000076e180000,0x0000000770180000)
  from space 2560K, 46% used [0x0000000770180000,0x00000007702a8000,0x0000000770400000)
  to   space 2560K, 0% used [0x0000000770400000,0x0000000770400000,0x0000000770680000)
 ParOldGen       total 147968K, used 104976K [0x00000006ca400000, 0x00000006d3480000, 0x000000076e180000)
  object space 147968K, 70% used [0x00000006ca400000,0x00000006d0a840e8,0x00000006d3480000)
 Metaspace       used 57793K, capacity 63854K, committed 64128K, reserved 1103872K
  class space    used 7729K, capacity 9040K, committed 9088K, reserved 1048576K
}
Event: 4793.272 GC heap before
{Heap before GC invocations=1195 (full 15):
 PSYoungGen      total 35328K, used 33952K [0x000000076e180000, 0x0000000770680000, 0x00000007c0000000)
  eden space 32768K, 100% used [0x000000076e180000,0x0000000770180000,0x0000000770180000)
  from space 2560K, 46% used [0x0000000770180000,0x00000007702a8000,0x0000000770400000)
  to   space 2560K, 0% used [0x0000000770400000,0x0000000770400000,0x0000000770680000)
 ParOldGen       total 147968K, used 104976K [0x00000006ca400000, 0x00000006d3480000, 0x000000076e180000)
  object space 147968K, 70% used [0x00000006ca400000,0x00000006d0a840e8,0x00000006d3480000)
 Metaspace       used 57793K, capacity 63854K, committed 64128K, reserved 1103872K
  class space    used 7729K, capacity 9040K, committed 9088K, reserved 1048576K
Event: 4793.275 GC heap after
Heap after GC invocations=1195 (full 15):
 PSYoungGen      total 35328K, used 928K [0x000000076e180000, 0x0000000770680000, 0x00000007c0000000)
  eden space 32768K, 0% used [0x000000076e180000,0x000000076e180000,0x0000000770180000)
  from space 2560K, 36% used [0x0000000770400000,0x00000007704e8000,0x0000000770680000)
  to   space 2560K, 0% used [0x0000000770180000,0x0000000770180000,0x0000000770400000)
 ParOldGen       total 147968K, used 104976K [0x00000006ca400000, 0x00000006d3480000, 0x000000076e180000)
  object space 147968K, 70% used [0x00000006ca400000,0x00000006d0a840e8,0x00000006d3480000)
 Metaspace       used 57793K, capacity 63854K, committed 64128K, reserved 1103872K
  class space    used 7729K, capacity 9040K, committed 9088K, reserved 1048576K
}
Event: 4795.236 GC heap before
{Heap before GC invocations=1196 (full 15):
 PSYoungGen      total 35328K, used 33696K [0x000000076e180000, 0x0000000770680000, 0x00000007c0000000)
  eden space 32768K, 100% used [0x000000076e180000,0x0000000770180000,0x0000000770180000)
  from space 2560K, 36% used [0x0000000770400000,0x00000007704e8000,0x0000000770680000)
  to   space 2560K, 0% used [0x0000000770180000,0x0000000770180000,0x0000000770400000)
 ParOldGen       total 147968K, used 104976K [0x00000006ca400000, 0x00000006d3480000, 0x000000076e180000)
  object space 147968K, 70% used [0x00000006ca400000,0x00000006d0a840e8,0x00000006d3480000)
 Metaspace       used 57793K, capacity 63854K, committed 64128K, reserved 1103872K
  class space    used 7729K, capacity 9040K, committed 9088K, reserved 1048576K
Event: 4795.238 GC heap after
Heap after GC invocations=1196 (full 15):
 PSYoungGen      total 35328K, used 2240K [0x000000076e180000, 0x0000000770680000, 0x00000007c0000000)
  eden space 32768K, 0% used [0x000000076e180000,0x000000076e180000,0x0000000770180000)
  from space 2560K, 87% used [0x0000000770180000,0x00000007703b0000,0x0000000770400000)
  to   space 2560K, 0% used [0x0000000770400000,0x0000000770400000,0x0000000770680000)
 ParOldGen       total 147968K, used 104976K [0x00000006ca400000, 0x00000006d3480000, 0x000000076e180000)
  object space 147968K, 70% used [0x00000006ca400000,0x00000006d0a840e8,0x00000006d3480000)
 Metaspace       used 57793K, capacity 63854K, committed 64128K, reserved 1103872K
  class space    used 7729K, capacity 9040K, committed 9088K, reserved 1048576K
}

