# JRE version: Java(TM) SE Runtime Environment (8.0_192-b12) (build 1.8.0_192-b12)
# Java VM: Java HotSpot(TM) 64-Bit Server VM (25.192-b12 mixed mode windows-amd64 compressed oops)
Heap:
 PSYoungGen      total 223744K, used 66777K [0x000000076e180000, 0x000000077f380000, 0x00000007c0000000)
  eden space 217088K, 27% used [0x000000076e180000,0x0000000771c7e768,0x000000077b580000)
  from space 6656K, 95% used [0x000000077ed00000,0x000000077f338010,0x000000077f380000)
  to   space 11776K, 0% used [0x000000077dc80000,0x000000077dc80000,0x000000077e800000)
 ParOldGen       total 157696K, used 23150K [0x00000006ca400000, 0x00000006d3e00000, 0x000000076e180000)
  object space 157696K, 14% used [0x00000006ca400000,0x00000006cba9b8e8,0x00000006d3e00000)
 Metaspace       used 48398K, capacity 52186K, committed 52352K, reserved 1093632K
  class space    used 6466K, capacity 7274K, committed 7296K, reserved 1048576K
GC Heap History (10 events):
Event: 1900.698 GC heap before
{Heap before GC invocations=33 (full 7):
 PSYoungGen      total 259072K, used 259008K [0x000000076e180000, 0x0000000781200000, 0x00000007c0000000)
  eden space 252928K, 100% used [0x000000076e180000,0x000000077d880000,0x000000077d880000)
  from space 6144K, 98% used [0x000000077fb80000,0x0000000780170010,0x0000000780180000)
  to   space 13824K, 0% used [0x0000000780480000,0x0000000780480000,0x0000000781200000)
 ParOldGen       total 157696K, used 23142K [0x00000006ca400000, 0x00000006d3e00000, 0x000000076e180000)
  object space 157696K, 14% used [0x00000006ca400000,0x00000006cba998e8,0x00000006d3e00000)
 Metaspace       used 48396K, capacity 52186K, committed 52352K, reserved 1093632K
  class space    used 6465K, capacity 7274K, committed 7296K, reserved 1048576K
Event: 1900.702 GC heap after
Heap after GC invocations=33 (full 7):
 PSYoungGen      total 251904K, used 6144K [0x000000076e180000, 0x0000000780b00000, 0x00000007c0000000)
  eden space 245248K, 0% used [0x000000076e180000,0x000000076e180000,0x000000077d100000)
  from space 6656K, 92% used [0x0000000780480000,0x0000000780a80010,0x0000000780b00000)
  to   space 13312K, 0% used [0x000000077f100000,0x000000077f100000,0x000000077fe00000)
 ParOldGen       total 157696K, used 23142K [0x00000006ca400000, 0x00000006d3e00000, 0x000000076e180000)
  object space 157696K, 14% used [0x00000006ca400000,0x00000006cba998e8,0x00000006d3e00000)
 Metaspace       used 48396K, capacity 52186K, committed 52352K, reserved 1093632K
  class space    used 6465K, capacity 7274K, committed 7296K, reserved 1048576K
}
Event: 2017.462 GC heap before
{Heap before GC invocations=34 (full 7):
 PSYoungGen      total 251904K, used 251392K [0x000000076e180000, 0x0000000780b00000, 0x00000007c0000000)
  eden space 245248K, 100% used [0x000000076e180000,0x000000077d100000,0x000000077d100000)
  from space 6656K, 92% used [0x0000000780480000,0x0000000780a80010,0x0000000780b00000)
  to   space 13312K, 0% used [0x000000077f100000,0x000000077f100000,0x000000077fe00000)
 ParOldGen       total 157696K, used 23142K [0x00000006ca400000, 0x00000006d3e00000, 0x000000076e180000)
  object space 157696K, 14% used [0x00000006ca400000,0x00000006cba998e8,0x00000006d3e00000)
 Metaspace       used 48396K, capacity 52186K, committed 52352K, reserved 1093632K
  class space    used 6465K, capacity 7274K, committed 7296K, reserved 1048576K
Event: 2017.465 GC heap after
Heap after GC invocations=34 (full 7):
 PSYoungGen      total 244224K, used 6176K [0x000000076e180000, 0x0000000780500000, 0x00000007c0000000)
  eden space 237568K, 0% used [0x000000076e180000,0x000000076e180000,0x000000077c980000)
  from space 6656K, 92% used [0x000000077f100000,0x000000077f708010,0x000000077f780000)
  to   space 12800K, 0% used [0x000000077f880000,0x000000077f880000,0x0000000780500000)
 ParOldGen       total 157696K, used 23150K [0x00000006ca400000, 0x00000006d3e00000, 0x000000076e180000)
  object space 157696K, 14% used [0x00000006ca400000,0x00000006cba9b8e8,0x00000006d3e00000)
 Metaspace       used 48396K, capacity 52186K, committed 52352K, reserved 1093632K
  class space    used 6465K, capacity 7274K, committed 7296K, reserved 1048576K
}
Event: 2131.115 GC heap before
{Heap before GC invocations=35 (full 7):
 PSYoungGen      total 244224K, used 243744K [0x000000076e180000, 0x0000000780500000, 0x00000007c0000000)
  eden space 237568K, 100% used [0x000000076e180000,0x000000077c980000,0x000000077c980000)
  from space 6656K, 92% used [0x000000077f100000,0x000000077f708010,0x000000077f780000)
  to   space 12800K, 0% used [0x000000077f880000,0x000000077f880000,0x0000000780500000)
 ParOldGen       total 157696K, used 23150K [0x00000006ca400000, 0x00000006d3e00000, 0x000000076e180000)
  object space 157696K, 14% used [0x00000006ca400000,0x00000006cba9b8e8,0x00000006d3e00000)
 Metaspace       used 48398K, capacity 52186K, committed 52352K, reserved 1093632K
  class space    used 6466K, capacity 7274K, committed 7296K, reserved 1048576K
Event: 2131.120 GC heap after
Heap after GC invocations=35 (full 7):
 PSYoungGen      total 237056K, used 6194K [0x000000076e180000, 0x000000077ff00000, 0x00000007c0000000)
  eden space 230400K, 0% used [0x000000076e180000,0x000000076e180000,0x000000077c280000)
  from space 6656K, 93% used [0x000000077f880000,0x000000077fe8cad0,0x000000077ff00000)
  to   space 12800K, 0% used [0x000000077e600000,0x000000077e600000,0x000000077f280000)
 ParOldGen       total 157696K, used 23150K [0x00000006ca400000, 0x00000006d3e00000, 0x000000076e180000)
  object space 157696K, 14% used [0x00000006ca400000,0x00000006cba9b8e8,0x00000006d3e00000)
 Metaspace       used 48398K, capacity 52186K, committed 52352K, reserved 1093632K
  class space    used 6466K, capacity 7274K, committed 7296K, reserved 1048576K
}
Event: 2240.945 GC heap before
{Heap before GC invocations=36 (full 7):
 PSYoungGen      total 237056K, used 236594K [0x000000076e180000, 0x000000077ff00000, 0x00000007c0000000)
  eden space 230400K, 100% used [0x000000076e180000,0x000000077c280000,0x000000077c280000)
  from space 6656K, 93% used [0x000000077f880000,0x000000077fe8cad0,0x000000077ff00000)
  to   space 12800K, 0% used [0x000000077e600000,0x000000077e600000,0x000000077f280000)
 ParOldGen       total 157696K, used 23150K [0x00000006ca400000, 0x00000006d3e00000, 0x000000076e180000)
  object space 157696K, 14% used [0x00000006ca400000,0x00000006cba9b8e8,0x00000006d3e00000)
 Metaspace       used 48398K, capacity 52186K, committed 52352K, reserved 1093632K
  class space    used 6466K, capacity 7274K, committed 7296K, reserved 1048576K
Event: 2240.950 GC heap after
Heap after GC invocations=36 (full 7):
 PSYoungGen      total 230400K, used 6272K [0x000000076e180000, 0x000000077f900000, 0x00000007c0000000)
  eden space 223744K, 0% used [0x000000076e180000,0x000000076e180000,0x000000077bc00000)
  from space 6656K, 94% used [0x000000077e600000,0x000000077ec20010,0x000000077ec80000)
  to   space 12288K, 0% used [0x000000077ed00000,0x000000077ed00000,0x000000077f900000)
 ParOldGen       total 157696K, used 23150K [0x00000006ca400000, 0x00000006d3e00000, 0x000000076e180000)
  object space 157696K, 14% used [0x00000006ca400000,0x00000006cba9b8e8,0x00000006d3e00000)
 Metaspace       used 48398K, capacity 52186K, committed 52352K, reserved 1093632K
  class space    used 6466K, capacity 7274K, committed 7296K, reserved 1048576K
}
Event: 2347.426 GC heap before
{Heap before GC invocations=37 (full 7):
 PSYoungGen      total 230400K, used 230016K [0x000000076e180000, 0x000000077f900000, 0x00000007c0000000)
  eden space 223744K, 100% used [0x000000076e180000,0x000000077bc00000,0x000000077bc00000)
  from space 6656K, 94% used [0x000000077e600000,0x000000077ec20010,0x000000077ec80000)
  to   space 12288K, 0% used [0x000000077ed00000,0x000000077ed00000,0x000000077f900000)
 ParOldGen       total 157696K, used 23150K [0x00000006ca400000, 0x00000006d3e00000, 0x000000076e180000)
  object space 157696K, 14% used [0x00000006ca400000,0x00000006cba9b8e8,0x00000006d3e00000)
 Metaspace       used 48398K, capacity 52186K, committed 52352K, reserved 1093632K
  class space    used 6466K, capacity 7274K, committed 7296K, reserved 1048576K
Event: 2347.430 GC heap after
Heap after GC invocations=37 (full 7):
 PSYoungGen      total 223744K, used 6368K [0x000000076e180000, 0x000000077f380000, 0x00000007c0000000)
  eden space 217088K, 0% used [0x000000076e180000,0x000000076e180000,0x000000077b580000)
  from space 6656K, 95% used [0x000000077ed00000,0x000000077f338010,0x000000077f380000)
  to   space 11776K, 0% used [0x000000077dc80000,0x000000077dc80000,0x000000077e800000)
 ParOldGen       total 157696K, used 23150K [0x00000006ca400000, 0x00000006d3e00000, 0x000000076e180000)
  object space 157696K, 14% used [0x00000006ca400000,0x00000006cba9b8e8,0x00000006d3e00000)
 Metaspace       used 48398K, capacity 52186K, committed 52352K, reserved 1093632K
  class space    used 6466K, capacity 7274K, committed 7296K, reserved 1048576K
}

